Using pre-set license
Built from '2022.3/release' branch; Version is '2022.3.0f1 (fb119bb0b476) revision 16454043'; Using compiler version '192829333'; Build Type 'Release'
OS: 'Windows 11  (10.0.22621) 64bit Core' Language: 'ko' Physical Memory: 6021 MB
BatchMode: 1, IsHumanControllingUs: 0, StartBugReporterOnCrash: 0, Is64bit: 1, IsPro: 1

COMMAND LINE ARGUMENTS:
C:\Program Files\Unity\Hub\Editor\2022.3.0f1\Editor\Unity.exe
-adb2
-batchMode
-noUpm
-name
AssetImportWorker1
-projectPath
D:/Development/Git/Repositories/unity_prototype/GameProject3D
-logFile
Logs/AssetImportWorker1.log
-srvPort
50259
Successfully changed project path to: D:/Development/Git/Repositories/unity_prototype/GameProject3D
D:/Development/Git/Repositories/unity_prototype/GameProject3D
[UnityMemory] Configuration Parameters - Can be set up in boot.config
    "memorysetup-bucket-allocator-granularity=16"
    "memorysetup-bucket-allocator-bucket-count=8"
    "memorysetup-bucket-allocator-block-size=33554432"
    "memorysetup-bucket-allocator-block-count=8"
    "memorysetup-main-allocator-block-size=16777216"
    "memorysetup-thread-allocator-block-size=16777216"
    "memorysetup-gfx-main-allocator-block-size=16777216"
    "memorysetup-gfx-thread-allocator-block-size=16777216"
    "memorysetup-cache-allocator-block-size=4194304"
    "memorysetup-typetree-allocator-block-size=2097152"
    "memorysetup-profiler-bucket-allocator-granularity=16"
    "memorysetup-profiler-bucket-allocator-bucket-count=8"
    "memorysetup-profiler-bucket-allocator-block-size=33554432"
    "memorysetup-profiler-bucket-allocator-block-count=8"
    "memorysetup-profiler-allocator-block-size=16777216"
    "memorysetup-profiler-editor-allocator-block-size=1048576"
    "memorysetup-temp-allocator-size-main=16777216"
    "memorysetup-job-temp-allocator-block-size=2097152"
    "memorysetup-job-temp-allocator-block-size-background=1048576"
    "memorysetup-job-temp-allocator-reduction-small-platforms=262144"
    "memorysetup-allocator-temp-initial-block-size-main=262144"
    "memorysetup-allocator-temp-initial-block-size-worker=262144"
    "memorysetup-temp-allocator-size-background-worker=32768"
    "memorysetup-temp-allocator-size-job-worker=262144"
    "memorysetup-temp-allocator-size-preload-manager=33554432"
    "memorysetup-temp-allocator-size-nav-mesh-worker=65536"
    "memorysetup-temp-allocator-size-audio-worker=65536"
    "memorysetup-temp-allocator-size-cloud-worker=32768"
    "memorysetup-temp-allocator-size-gi-baking-worker=262144"
    "memorysetup-temp-allocator-size-gfx=262144"
Player connection [13408] Host "[IP] 192.168.219.104 [Port] 0 [Flags] 2 [Guid] 203323614 [EditorId] 203323614 [Version] 1048832 [Id] WindowsEditor(7,Marines) [Debug] 1 [PackageName] WindowsEditor [ProjectName] Editor" joined multi-casting on [225.0.0.222:54997]...

Player connection [13408] Host "[IP] 192.168.219.104 [Port] 0 [Flags] 2 [Guid] 203323614 [EditorId] 203323614 [Version] 1048832 [Id] WindowsEditor(7,Marines) [Debug] 1 [PackageName] WindowsEditor [ProjectName] Editor" joined alternative multi-casting on [225.0.0.222:34997]...

Refreshing native plugins compatible for Editor in 7.98 ms, found 2 plugins.
Preloading 0 native plugins for Editor in 0.00 ms.
Initialize engine version: 2022.3.0f1 (fb119bb0b476)
[Subsystems] Discovering subsystems at path C:/Program Files/Unity/Hub/Editor/2022.3.0f1/Editor/Data/Resources/UnitySubsystems
[Subsystems] Discovering subsystems at path D:/Development/Git/Repositories/unity_prototype/GameProject3D/Assets
GfxDevice: creating device client; threaded=0; jobified=0
Direct3D:
    Version:  Direct3D 11.0 [level 11.1]
    Renderer: NVIDIA GeForce GTX 1050 (ID=0x1c91)
    Vendor:   NVIDIA
    VRAM:     2995 MB
    Driver:   31.0.15.3713
Initialize mono
Mono path[0] = 'C:/Program Files/Unity/Hub/Editor/2022.3.0f1/Editor/Data/Managed'
Mono path[1] = 'C:/Program Files/Unity/Hub/Editor/2022.3.0f1/Editor/Data/MonoBleedingEdge/lib/mono/unityjit-win32'
Mono config path = 'C:/Program Files/Unity/Hub/Editor/2022.3.0f1/Editor/Data/MonoBleedingEdge/etc'
Using monoOptions --debugger-agent=transport=dt_socket,embedding=1,server=y,suspend=n,address=127.0.0.1:56084
Begin MonoManager ReloadAssembly
Registering precompiled unity dll's ...
Register platform support module: C:/Program Files/Unity/Hub/Editor/2022.3.0f1/Editor/Data/PlaybackEngines/MacStandaloneSupport/UnityEditor.OSXStandalone.Extensions.dll
Register platform support module: C:/Program Files/Unity/Hub/Editor/2022.3.0f1/Editor/Data/PlaybackEngines/AndroidPlayer/UnityEditor.Android.Extensions.dll
Register platform support module: C:/Program Files/Unity/Hub/Editor/2022.3.0f1/Editor/Data/PlaybackEngines/iOSSupport/UnityEditor.iOS.Extensions.dll
Register platform support module: C:/Program Files/Unity/Hub/Editor/2022.3.0f1/Editor/Data/PlaybackEngines/WindowsStandaloneSupport/UnityEditor.WindowsStandalone.Extensions.dll
Registered in 0.017210 seconds.
- Loaded All Assemblies, in  0.570 seconds
Native extension for WindowsStandalone target not found
[usbmuxd] Start listen thread
[usbmuxd] Listen thread started
Native extension for iOS target not found
Native extension for Android target not found
Android Extension - Scanning For ADB Devices 477 ms
Native extension for OSXStandalone target not found
Mono: successfully reloaded assembly
- Finished resetting the current domain, in  1.098 seconds
Domain Reload Profiling: 1666ms
	BeginReloadAssembly (178ms)
		ExecutionOrderSort (0ms)
		DisableScriptedObjects (0ms)
		BackupInstance (0ms)
		ReleaseScriptingObjects (0ms)
		CreateAndSetChildDomain (1ms)
	RebuildCommonClasses (52ms)
	RebuildNativeTypeToScriptingClass (14ms)
	initialDomainReloadingComplete (98ms)
	LoadAllAssembliesAndSetupDomain (226ms)
		LoadAssemblies (173ms)
		RebuildTransferFunctionScriptingTraits (0ms)
		AnalyzeDomain (216ms)
			TypeCache.Refresh (215ms)
				TypeCache.ScanAssembly (194ms)
			ScanForSourceGeneratedMonoScriptInfo (1ms)
			ResolveRequiredComponents (1ms)
	FinalizeReload (1099ms)
		ReleaseScriptCaches (0ms)
		RebuildScriptCaches (0ms)
		SetupLoadedEditorAssemblies (1006ms)
			LogAssemblyErrors (0ms)
			InitializePlatformSupportModulesInManaged (663ms)
			SetLoadedEditorAssemblies (7ms)
			RefreshPlugins (0ms)
			BeforeProcessingInitializeOnLoad (5ms)
			ProcessInitializeOnLoadAttributes (231ms)
			ProcessInitializeOnLoadMethodAttributes (100ms)
			AfterProcessingInitializeOnLoad (0ms)
			EditorAssembliesLoaded (0ms)
		ExecutionOrderSort2 (0ms)
		AwakeInstancesAfterBackupRestoration (0ms)
========================================================================
Worker process is ready to serve import requests
Begin MonoManager ReloadAssembly
- Loaded All Assemblies, in  2.457 seconds
Refreshing native plugins compatible for Editor in 36.98 ms, found 2 plugins.
Native extension for WindowsStandalone target not found
Native extension for iOS target not found
Native extension for Android target not found
Native extension for OSXStandalone target not found
Mono: successfully reloaded assembly
- Finished resetting the current domain, in  0.787 seconds
Domain Reload Profiling: 3244ms
	BeginReloadAssembly (179ms)
		ExecutionOrderSort (0ms)
		DisableScriptedObjects (8ms)
		BackupInstance (0ms)
		ReleaseScriptingObjects (0ms)
		CreateAndSetChildDomain (31ms)
	RebuildCommonClasses (45ms)
	RebuildNativeTypeToScriptingClass (14ms)
	initialDomainReloadingComplete (60ms)
	LoadAllAssembliesAndSetupDomain (2157ms)
		LoadAssemblies (1851ms)
		RebuildTransferFunctionScriptingTraits (0ms)
		AnalyzeDomain (395ms)
			TypeCache.Refresh (368ms)
				TypeCache.ScanAssembly (344ms)
			ScanForSourceGeneratedMonoScriptInfo (21ms)
			ResolveRequiredComponents (5ms)
	FinalizeReload (788ms)
		ReleaseScriptCaches (0ms)
		RebuildScriptCaches (0ms)
		SetupLoadedEditorAssemblies (563ms)
			LogAssemblyErrors (0ms)
			InitializePlatformSupportModulesInManaged (61ms)
			SetLoadedEditorAssemblies (5ms)
			RefreshPlugins (0ms)
			BeforeProcessingInitializeOnLoad (79ms)
			ProcessInitializeOnLoadAttributes (372ms)
			ProcessInitializeOnLoadMethodAttributes (37ms)
			AfterProcessingInitializeOnLoad (9ms)
			EditorAssembliesLoaded (0ms)
		ExecutionOrderSort2 (0ms)
		AwakeInstancesAfterBackupRestoration (8ms)
Launched and connected shader compiler UnityShaderCompiler.exe after 0.07 seconds
Refreshing native plugins compatible for Editor in 3.74 ms, found 2 plugins.
Preloading 0 native plugins for Editor in 0.00 ms.
Unloading 1533 Unused Serialized files (Serialized files now loaded: 0)
Unloading 33 unused Assets / (59.4 KB). Loaded Objects now: 2029.
Memory consumption went from 107.2 MB to 107.1 MB.
Total: 6.388200 ms (FindLiveObjects: 0.265400 ms CreateObjectMapping: 0.064200 ms MarkObjects: 5.069600 ms  DeleteObjects: 0.987000 ms)

AssetImportParameters requested are different than current active one (requested -> active):
  custom:video-encoder-webm-vp8: eb34c28f22e8b96e1ab97ce403110664 -> 
  custom:video-decoder-webm-vp8: 9c59270c3fd7afecdb556c50c9e8de78 -> 
  custom:audio-decoder-ogg-vorbis: bf7c407c2cedff20999df2af8eb42d56 -> 
  custom:container-demuxer-ogg: 62fdf1f143b41e24485cea50d1cbac27 -> 
  custom:AudioImporter_EditorPlatform: d09bf68614088b80899f8185d706f6e7 -> 
  custom:container-demuxer-webm: 4f35f7cbe854078d1ac9338744f61a02 -> 
  custom:video-codec-MediaFoundation-h265: 746d11721c4dcdbdad8f713fa42b33f4 -> 
  custom:video-decoder-ogg-theora: a1e56fd34408186e4bbccfd4996cb3dc -> 
  custom:audio-encoder-webm-vorbis: bf7c407c2cedff20999df2af8eb42d56 -> 
  custom:framework-win-MediaFoundation: 216162199b28c13a410421893ffa2e32 -> 
  custom:container-muxer-webm: aa71ff27fc2769a1b78a27578f13a17b -> 
========================================================================
Received Import Request.
  Time since last request: 920.178756 seconds.
  path: Assets/WorldScene.unity
  artifactKey: Guid(d43786eec38e10b479938ae9ed813d49) Importer(815301076,1909f56bfc062723c751e8b465ee728b)
Start importing Assets/WorldScene.unity using Guid(d43786eec38e10b479938ae9ed813d49) Importer(815301076,1909f56bfc062723c751e8b465ee728b)  -> (artifact id: '7379ff81bb634f368cbaf3904da26648') in 0.005126 seconds
Number of updated asset objects reloaded before import = 0
Number of asset objects unloaded after import = 0
========================================================================
Received Import Request.
  Time since last request: 2349.657983 seconds.
  path: Assets/TextMesh Pro/Examples & Extras/Resources/Fonts & Materials/LiberationSans SDF - Metalic Green.mat
  artifactKey: Guid(8b29aaa3eec7468097ff07adfcf29ac9) Importer(815301076,1909f56bfc062723c751e8b465ee728b)
Start importing Assets/TextMesh Pro/Examples & Extras/Resources/Fonts & Materials/LiberationSans SDF - Metalic Green.mat using Guid(8b29aaa3eec7468097ff07adfcf29ac9) Importer(815301076,1909f56bfc062723c751e8b465ee728b)  -> (artifact id: 'e6955d9c3c979d6cbe9e69282a1686b7') in 3.316059 seconds
Number of updated asset objects reloaded before import = 0
Number of asset objects unloaded after import = 4
========================================================================
Received Import Request.
  Time since last request: 0.000028 seconds.
  path: Assets/TextMesh Pro/Examples & Extras/Materials/Small Crate_diffuse.mat
  artifactKey: Guid(22262639920f43d6be32430e4e58350d) Importer(815301076,1909f56bfc062723c751e8b465ee728b)
Start importing Assets/TextMesh Pro/Examples & Extras/Materials/Small Crate_diffuse.mat using Guid(22262639920f43d6be32430e4e58350d) Importer(815301076,1909f56bfc062723c751e8b465ee728b)  -> (artifact id: 'fbd4ffe563883dd5b93c2c988036df8c') in 0.443045 seconds
Number of updated asset objects reloaded before import = 0
Number of asset objects unloaded after import = 3
========================================================================
Received Import Request.
  Time since last request: 0.000035 seconds.
  path: Assets/TextMesh Pro/Resources/Fonts & Materials/LiberationSans SDF - Outline.mat
  artifactKey: Guid(79459efec17a4d00a321bdcc27bbc385) Importer(815301076,1909f56bfc062723c751e8b465ee728b)
Start importing Assets/TextMesh Pro/Resources/Fonts & Materials/LiberationSans SDF - Outline.mat using Guid(79459efec17a4d00a321bdcc27bbc385) Importer(815301076,1909f56bfc062723c751e8b465ee728b)  -> (artifact id: 'ca5803d2844d281a3bbfba0075a63b26') in 0.125600 seconds
Number of updated asset objects reloaded before import = 0
Number of asset objects unloaded after import = 2
========================================================================
Received Import Request.
  Time since last request: 0.000021 seconds.
  path: Assets/TextMesh Pro/Examples & Extras/Resources/Fonts & Materials/LiberationSans SDF - Overlay.mat
  artifactKey: Guid(9ad269c99dcf42b7aedefd83dd5a7b9d) Importer(815301076,1909f56bfc062723c751e8b465ee728b)
Start importing Assets/TextMesh Pro/Examples & Extras/Resources/Fonts & Materials/LiberationSans SDF - Overlay.mat using Guid(9ad269c99dcf42b7aedefd83dd5a7b9d) Importer(815301076,1909f56bfc062723c751e8b465ee728b)  -> (artifact id: 'a64ddae55cf6758e5dfa64659d225748') in 0.036565 seconds
Number of updated asset objects reloaded before import = 0
Number of asset objects unloaded after import = 2
========================================================================
Received Import Request.
  Time since last request: 0.000034 seconds.
  path: Assets/Packages/PolygonStarter/Materials/Plane/PolygonStarter_Mat_Plane_03.mat
  artifactKey: Guid(a34e2e9511ab63041850d60a4868cfcf) Importer(815301076,1909f56bfc062723c751e8b465ee728b)
Start importing Assets/Packages/PolygonStarter/Materials/Plane/PolygonStarter_Mat_Plane_03.mat using Guid(a34e2e9511ab63041850d60a4868cfcf) Importer(815301076,1909f56bfc062723c751e8b465ee728b)  -> (artifact id: '49ee7d4188a8015454101dc279a07d2f') in 0.152931 seconds
Number of updated asset objects reloaded before import = 0
Number of asset objects unloaded after import = 2
========================================================================
Received Import Request.
  Time since last request: 0.000021 seconds.
  path: Assets/Packages/Travis Game Assets/Hit Impact Effects/Materials/Hits/HIE_Hit_03_Shockwave_2x2_01.mat
  artifactKey: Guid(00c13c49894d46146b27ce3a995d98d4) Importer(815301076,1909f56bfc062723c751e8b465ee728b)
Start importing Assets/Packages/Travis Game Assets/Hit Impact Effects/Materials/Hits/HIE_Hit_03_Shockwave_2x2_01.mat using Guid(00c13c49894d46146b27ce3a995d98d4) Importer(815301076,1909f56bfc062723c751e8b465ee728b)  -> (artifact id: '924e35a4f659bdc97d1a2d4992103f9c') in 0.175323 seconds
Number of updated asset objects reloaded before import = 0
Number of asset objects unloaded after import = 2
========================================================================
Received Import Request.
  Time since last request: 0.000035 seconds.
  path: Assets/Packages/Travis Game Assets/Hit Impact Effects/Materials/Hits/HIE_Hit_02_TrailGlow_01.mat
  artifactKey: Guid(f3543c936966481499b85c00ff68a1c6) Importer(815301076,1909f56bfc062723c751e8b465ee728b)
Start importing Assets/Packages/Travis Game Assets/Hit Impact Effects/Materials/Hits/HIE_Hit_02_TrailGlow_01.mat using Guid(f3543c936966481499b85c00ff68a1c6) Importer(815301076,1909f56bfc062723c751e8b465ee728b)  -> (artifact id: '66ad251f67d93a7c5be8885d9f277fff') in 0.071669 seconds
Number of updated asset objects reloaded before import = 0
Number of asset objects unloaded after import = 2
========================================================================
Received Import Request.
  Time since last request: 0.000035 seconds.
  path: Assets/Packages/PolygonStarter/Materials/PolygonStarter_Mat_01.mat
  artifactKey: Guid(dd41db2cdb4e66e4985303e1287ab101) Importer(815301076,1909f56bfc062723c751e8b465ee728b)
Start importing Assets/Packages/PolygonStarter/Materials/PolygonStarter_Mat_01.mat using Guid(dd41db2cdb4e66e4985303e1287ab101) Importer(815301076,1909f56bfc062723c751e8b465ee728b)  -> (artifact id: '8b1a4b55667ef1b09773524d63fda767') in 0.280189 seconds
Number of updated asset objects reloaded before import = 0
Number of asset objects unloaded after import = 2
========================================================================
Received Import Request.
  Time since last request: 0.000066 seconds.
  path: Assets/Packages/Travis Game Assets/Hit Impact Effects/Materials/Hits/HIE_Hit_04_FlashRays_01.mat
  artifactKey: Guid(0f9a2e6c560af1f42ace29002a4bbea5) Importer(815301076,1909f56bfc062723c751e8b465ee728b)
Start importing Assets/Packages/Travis Game Assets/Hit Impact Effects/Materials/Hits/HIE_Hit_04_FlashRays_01.mat using Guid(0f9a2e6c560af1f42ace29002a4bbea5) Importer(815301076,1909f56bfc062723c751e8b465ee728b)  -> (artifact id: '18d964395e08fc847bb3b0c23a6453b0') in 0.053714 seconds
Number of updated asset objects reloaded before import = 0
Number of asset objects unloaded after import = 2
========================================================================
Received Import Request.
  Time since last request: 0.000044 seconds.
  path: Assets/TextMesh Pro/Resources/Fonts & Materials/LiberationSans SDF - Fallback.asset
  artifactKey: Guid(2e498d1c8094910479dc3e1b768306a4) Importer(815301076,1909f56bfc062723c751e8b465ee728b)
Start importing Assets/TextMesh Pro/Resources/Fonts & Materials/LiberationSans SDF - Fallback.asset using Guid(2e498d1c8094910479dc3e1b768306a4) Importer(815301076,1909f56bfc062723c751e8b465ee728b)  -> (artifact id: 'ab27c3160d493bda1ebac2e3733c76cd') in 0.289419 seconds
Number of updated asset objects reloaded before import = 0
Number of asset objects unloaded after import = 6
========================================================================
Received Import Request.
  Time since last request: 0.000066 seconds.
  path: Assets/Generic/Resources/Materials/OutlineFill.mat
  artifactKey: Guid(311313efa011949e98b6761d652ad13c) Importer(815301076,1909f56bfc062723c751e8b465ee728b)
Start importing Assets/Generic/Resources/Materials/OutlineFill.mat using Guid(311313efa011949e98b6761d652ad13c) Importer(815301076,1909f56bfc062723c751e8b465ee728b)  -> (artifact id: '5100520e9348e7c538d5358dd49223ef') in 0.227729 seconds
Number of updated asset objects reloaded before import = 0
Number of asset objects unloaded after import = 1
========================================================================
Received Import Request.
  Time since last request: 0.000042 seconds.
  path: Assets/TextMesh Pro/Resources/Fonts & Materials/LiberationSans SDF.asset
  artifactKey: Guid(8f586378b4e144a9851e7b34d9b748ee) Importer(815301076,1909f56bfc062723c751e8b465ee728b)
Start importing Assets/TextMesh Pro/Resources/Fonts & Materials/LiberationSans SDF.asset using Guid(8f586378b4e144a9851e7b34d9b748ee) Importer(815301076,1909f56bfc062723c751e8b465ee728b)  -> (artifact id: '48a837d0aa061e57febe312d157cf21d') in 0.051286 seconds
Number of updated asset objects reloaded before import = 0
Number of asset objects unloaded after import = 9
========================================================================
Received Import Request.
  Time since last request: 0.000022 seconds.
  path: Assets/Packages/Travis Game Assets/Hit Impact Effects/Materials/Hits/HIE_Hit_04_Shockwave_01.mat
  artifactKey: Guid(aa7a71e33a52d8c439dbe20272eed588) Importer(815301076,1909f56bfc062723c751e8b465ee728b)
Start importing Assets/Packages/Travis Game Assets/Hit Impact Effects/Materials/Hits/HIE_Hit_04_Shockwave_01.mat using Guid(aa7a71e33a52d8c439dbe20272eed588) Importer(815301076,1909f56bfc062723c751e8b465ee728b)  -> (artifact id: 'baf0bfc0ee9e6885910a2b42ee4b8d73') in 0.231482 seconds
Number of updated asset objects reloaded before import = 0
Number of asset objects unloaded after import = 2
========================================================================
Received Import Request.
  Time since last request: 0.000033 seconds.
  path: Assets/Packages/PolygonStarter/Materials/Misc/PolygonStarter_Mat_01_Glass.mat
  artifactKey: Guid(167faa9f54383f04987dcacc6372f1b4) Importer(815301076,1909f56bfc062723c751e8b465ee728b)
Start importing Assets/Packages/PolygonStarter/Materials/Misc/PolygonStarter_Mat_01_Glass.mat using Guid(167faa9f54383f04987dcacc6372f1b4) Importer(815301076,1909f56bfc062723c751e8b465ee728b)  -> (artifact id: '39b540a4f13bc089fb7cf1f44780ddff') in 0.074726 seconds
Number of updated asset objects reloaded before import = 0
Number of asset objects unloaded after import = 2
========================================================================
Received Import Request.
  Time since last request: 0.000120 seconds.
  path: Assets/Packages/Travis Game Assets/Hit Impact Effects/Materials/Hits/HIE_Hit_04_PointGlow_01.mat
  artifactKey: Guid(c787c5412f5eec24fa01e0c3b2105ea6) Importer(815301076,1909f56bfc062723c751e8b465ee728b)
Start importing Assets/Packages/Travis Game Assets/Hit Impact Effects/Materials/Hits/HIE_Hit_04_PointGlow_01.mat using Guid(c787c5412f5eec24fa01e0c3b2105ea6) Importer(815301076,1909f56bfc062723c751e8b465ee728b)  -> (artifact id: 'e0367cb2aecaf645d3fd58bf5acf79f8') in 0.008469 seconds
Number of updated asset objects reloaded before import = 0
Number of asset objects unloaded after import = 2
========================================================================
Received Import Request.
  Time since last request: 0.000024 seconds.
  path: Assets/Packages/PolygonStarter/Materials/PolygonStarter_Mat_03.mat
  artifactKey: Guid(c6a5181c39f2ce4408030b9c2d1b47e2) Importer(815301076,1909f56bfc062723c751e8b465ee728b)
Start importing Assets/Packages/PolygonStarter/Materials/PolygonStarter_Mat_03.mat using Guid(c6a5181c39f2ce4408030b9c2d1b47e2) Importer(815301076,1909f56bfc062723c751e8b465ee728b)  -> (artifact id: '6880b471acb1e6ee275b39533f55c73c') in 0.339219 seconds
Number of updated asset objects reloaded before import = 0
Number of asset objects unloaded after import = 2
========================================================================
Received Import Request.
  Time since last request: 0.000033 seconds.
  path: Assets/Packages/PolygonStarter/Materials/PolygonStarter_Mat_04.mat
  artifactKey: Guid(382781f3eb846ba4992cfb4e635c76ed) Importer(815301076,1909f56bfc062723c751e8b465ee728b)
Start importing Assets/Packages/PolygonStarter/Materials/PolygonStarter_Mat_04.mat using Guid(382781f3eb846ba4992cfb4e635c76ed) Importer(815301076,1909f56bfc062723c751e8b465ee728b)  -> (artifact id: '3e0d9b6de0778e1f6d6300ee4d0c6e00') in 0.057022 seconds
Number of updated asset objects reloaded before import = 0
Number of asset objects unloaded after import = 2
========================================================================
Received Import Request.
  Time since last request: 0.000021 seconds.
  path: Assets/Packages/PolygonStarter/Materials/Plane/PolygonStarter_Mat_Plane_02.mat
  artifactKey: Guid(dce3a789f595f224a85f5cf4f2e6667d) Importer(815301076,1909f56bfc062723c751e8b465ee728b)
Start importing Assets/Packages/PolygonStarter/Materials/Plane/PolygonStarter_Mat_Plane_02.mat using Guid(dce3a789f595f224a85f5cf4f2e6667d) Importer(815301076,1909f56bfc062723c751e8b465ee728b)  -> (artifact id: '41befb98eb1b35db6770e43d4be069b5') in 0.084786 seconds
Number of updated asset objects reloaded before import = 0
Number of asset objects unloaded after import = 2
========================================================================
Received Import Request.
  Time since last request: 501.887450 seconds.
  path: Assets/Packages/UI Elements/UI Elements/White/1x/backward.png
  artifactKey: Guid(84e82be6dba927947b3326e9a8bfcdd9) Importer(815301076,1909f56bfc062723c751e8b465ee728b)
Start importing Assets/Packages/UI Elements/UI Elements/White/1x/backward.png using Guid(84e82be6dba927947b3326e9a8bfcdd9) Importer(815301076,1909f56bfc062723c751e8b465ee728b)  -> (artifact id: '048273dd69b00f6b391634e7d7b9d406') in 0.152452 seconds
Number of updated asset objects reloaded before import = 0
Number of asset objects unloaded after import = 3
========================================================================
Received Import Request.
  Time since last request: 1.047838 seconds.
  path: Assets/Packages/PolygonStarter/Models/SM_Bean_Female_01.fbx
  artifactKey: Guid(a668c639af8f6754dbfcfbbb9ae0471d) Importer(815301076,1909f56bfc062723c751e8b465ee728b)
Start importing Assets/Packages/PolygonStarter/Models/SM_Bean_Female_01.fbx using Guid(a668c639af8f6754dbfcfbbb9ae0471d) Importer(815301076,1909f56bfc062723c751e8b465ee728b)  -> (artifact id: 'f695bad24100d000a7cfbb2ed1687c0a') in 0.112912 seconds
Number of updated asset objects reloaded before import = 0
Number of asset objects unloaded after import = 7
========================================================================
Received Import Request.
  Time since last request: 12.238109 seconds.
  path: Assets/Packages/FPS Icons Pack/Orange Theme/Orange theme spritesheet 2.png
  artifactKey: Guid(0bd96f6f4899f644ea1ffd9b4735a5e6) Importer(815301076,1909f56bfc062723c751e8b465ee728b)
Start importing Assets/Packages/FPS Icons Pack/Orange Theme/Orange theme spritesheet 2.png using Guid(0bd96f6f4899f644ea1ffd9b4735a5e6) Importer(815301076,1909f56bfc062723c751e8b465ee728b)  -> (artifact id: '6d37bcdd6794a51e5903447dce55db9e') in 0.468928 seconds
Number of updated asset objects reloaded before import = 0
Number of asset objects unloaded after import = 26
========================================================================
Received Import Request.
  Time since last request: 12.008678 seconds.
  path: Assets/Packages/PolygonStarter/Models/SM_Generic_Tree_02.fbx
  artifactKey: Guid(52e489a7682e53e4fbbd56a5eab52da6) Importer(815301076,1909f56bfc062723c751e8b465ee728b)
Start importing Assets/Packages/PolygonStarter/Models/SM_Generic_Tree_02.fbx using Guid(52e489a7682e53e4fbbd56a5eab52da6) Importer(815301076,1909f56bfc062723c751e8b465ee728b)  -> (artifact id: 'c373e7d7c62b04bf759ab749a53bb62a') in 0.020091 seconds
Number of updated asset objects reloaded before import = 0
Number of asset objects unloaded after import = 7
========================================================================
Received Import Request.
  Time since last request: 0.000026 seconds.
  path: Assets/Packages/PolygonStarter/Models/SM_Generic_TreeStump_01.fbx
  artifactKey: Guid(a64981f2d6b07c146ace71b6804c1339) Importer(815301076,1909f56bfc062723c751e8b465ee728b)
Start importing Assets/Packages/PolygonStarter/Models/SM_Generic_TreeStump_01.fbx using Guid(a64981f2d6b07c146ace71b6804c1339) Importer(815301076,1909f56bfc062723c751e8b465ee728b)  -> (artifact id: 'a71d7f88f80b5ac14a6715119cfa733d') in 0.078462 seconds
Number of updated asset objects reloaded before import = 0
Number of asset objects unloaded after import = 7
========================================================================
Received Import Request.
  Time since last request: 31.349684 seconds.
  path: Assets/TextMesh Pro/Examples & Extras/Materials/Ground - Surface Shader Scene.mat
  artifactKey: Guid(aadd5a709a48466c887296bb5b1b8110) Importer(815301076,1909f56bfc062723c751e8b465ee728b)
Start importing Assets/TextMesh Pro/Examples & Extras/Materials/Ground - Surface Shader Scene.mat using Guid(aadd5a709a48466c887296bb5b1b8110) Importer(815301076,1909f56bfc062723c751e8b465ee728b)  -> (artifact id: 'b08d2efbbb82d31040744166824b2135') in 0.303409 seconds
Number of updated asset objects reloaded before import = 0
Number of asset objects unloaded after import = 2
========================================================================
Received Import Request.
  Time since last request: 0.000029 seconds.
  path: Assets/Packages/PolygonStarter/Models/SM_Generic_Ground_04.fbx
  artifactKey: Guid(059e0382b8bc85645b4bbd4b98bb90c0) Importer(815301076,1909f56bfc062723c751e8b465ee728b)
Start importing Assets/Packages/PolygonStarter/Models/SM_Generic_Ground_04.fbx using Guid(059e0382b8bc85645b4bbd4b98bb90c0) Importer(815301076,1909f56bfc062723c751e8b465ee728b)  -> (artifact id: 'ab9583c968cb390350b1c78d759c2bdd') in 0.023591 seconds
Number of updated asset objects reloaded before import = 0
Number of asset objects unloaded after import = 7
========================================================================
Received Import Request.
  Time since last request: 118.453472 seconds.
  path: Assets/TextMesh Pro/Examples & Extras/Textures/Floor Tiles 1 - diffuse.jpg
  artifactKey: Guid(85ac55597b97403c82fc6601a93cf241) Importer(815301076,1909f56bfc062723c751e8b465ee728b)
Start importing Assets/TextMesh Pro/Examples & Extras/Textures/Floor Tiles 1 - diffuse.jpg using Guid(85ac55597b97403c82fc6601a93cf241) Importer(815301076,1909f56bfc062723c751e8b465ee728b)  -> (artifact id: '81c7655f3e98a544734ba3c5fde69524') in 0.133716 seconds
Number of updated asset objects reloaded before import = 0
Number of asset objects unloaded after import = 2
========================================================================
Received Prepare
Begin MonoManager ReloadAssembly
- Loaded All Assemblies, in 11.619 seconds
Refreshing native plugins compatible for Editor in 3.30 ms, found 2 plugins.
Native extension for WindowsStandalone target not found
Native extension for iOS target not found
Native extension for Android target not found
Native extension for OSXStandalone target not found
Mono: successfully reloaded assembly
- Finished resetting the current domain, in 44.166 seconds
Domain Reload Profiling: 55783ms
	BeginReloadAssembly (10635ms)
		ExecutionOrderSort (0ms)
		DisableScriptedObjects (217ms)
		BackupInstance (0ms)
		ReleaseScriptingObjects (1ms)
		CreateAndSetChildDomain (517ms)
	RebuildCommonClasses (56ms)
	RebuildNativeTypeToScriptingClass (13ms)
	initialDomainReloadingComplete (129ms)
	LoadAllAssembliesAndSetupDomain (783ms)
		LoadAssemblies (573ms)
		RebuildTransferFunctionScriptingTraits (0ms)
		AnalyzeDomain (323ms)
			TypeCache.Refresh (316ms)
				TypeCache.ScanAssembly (287ms)
			ScanForSourceGeneratedMonoScriptInfo (3ms)
			ResolveRequiredComponents (4ms)
	FinalizeReload (44167ms)
		ReleaseScriptCaches (0ms)
		RebuildScriptCaches (0ms)
		SetupLoadedEditorAssemblies (476ms)
			LogAssemblyErrors (0ms)
			InitializePlatformSupportModulesInManaged (63ms)
			SetLoadedEditorAssemblies (6ms)
			RefreshPlugins (0ms)
			BeforeProcessingInitializeOnLoad (80ms)
			ProcessInitializeOnLoadAttributes (277ms)
			ProcessInitializeOnLoadMethodAttributes (40ms)
			AfterProcessingInitializeOnLoad (10ms)
			EditorAssembliesLoaded (0ms)
		ExecutionOrderSort2 (0ms)
		AwakeInstancesAfterBackupRestoration (8ms)
Refreshing native plugins compatible for Editor in 2.62 ms, found 2 plugins.
Preloading 0 native plugins for Editor in 0.00 ms.
Unloading 1509 Unused Serialized files (Serialized files now loaded: 0)
Unloading 27 unused Assets / (30.4 KB). Loaded Objects now: 2092.
Memory consumption went from 102.6 MB to 102.5 MB.
Total: 32.830300 ms (FindLiveObjects: 0.203700 ms CreateObjectMapping: 0.042800 ms MarkObjects: 32.499900 ms  DeleteObjects: 0.082000 ms)

Prepare: number of updated asset objects reloaded= 0
AssetImportParameters requested are different than current active one (requested -> active):
  custom:video-encoder-webm-vp8: eb34c28f22e8b96e1ab97ce403110664 -> 
  custom:video-decoder-webm-vp8: 9c59270c3fd7afecdb556c50c9e8de78 -> 
  custom:audio-decoder-ogg-vorbis: bf7c407c2cedff20999df2af8eb42d56 -> 
  custom:container-demuxer-ogg: 62fdf1f143b41e24485cea50d1cbac27 -> 
  custom:AudioImporter_EditorPlatform: d09bf68614088b80899f8185d706f6e7 -> 
  custom:container-demuxer-webm: 4f35f7cbe854078d1ac9338744f61a02 -> 
  custom:video-codec-MediaFoundation-h265: 746d11721c4dcdbdad8f713fa42b33f4 -> 
  custom:video-decoder-ogg-theora: a1e56fd34408186e4bbccfd4996cb3dc -> 
  custom:audio-encoder-webm-vorbis: bf7c407c2cedff20999df2af8eb42d56 -> 
  custom:framework-win-MediaFoundation: 216162199b28c13a410421893ffa2e32 -> 
  custom:container-muxer-webm: aa71ff27fc2769a1b78a27578f13a17b -> 
========================================================================
Received Prepare
Begin MonoManager ReloadAssembly
- Loaded All Assemblies, in  1.077 seconds
Refreshing native plugins compatible for Editor in 4.17 ms, found 2 plugins.
Native extension for WindowsStandalone target not found
Native extension for iOS target not found
Native extension for Android target not found
Native extension for OSXStandalone target not found
Mono: successfully reloaded assembly
- Finished resetting the current domain, in  1.038 seconds
Domain Reload Profiling: 2113ms
	BeginReloadAssembly (320ms)
		ExecutionOrderSort (0ms)
		DisableScriptedObjects (12ms)
		BackupInstance (0ms)
		ReleaseScriptingObjects (0ms)
		CreateAndSetChildDomain (48ms)
	RebuildCommonClasses (64ms)
	RebuildNativeTypeToScriptingClass (19ms)
	initialDomainReloadingComplete (51ms)
	LoadAllAssembliesAndSetupDomain (620ms)
		LoadAssemblies (405ms)
		RebuildTransferFunctionScriptingTraits (0ms)
		AnalyzeDomain (319ms)
			TypeCache.Refresh (311ms)
				TypeCache.ScanAssembly (293ms)
			ScanForSourceGeneratedMonoScriptInfo (4ms)
			ResolveRequiredComponents (5ms)
	FinalizeReload (1038ms)
		ReleaseScriptCaches (0ms)
		RebuildScriptCaches (0ms)
		SetupLoadedEditorAssemblies (590ms)
			LogAssemblyErrors (0ms)
			InitializePlatformSupportModulesInManaged (78ms)
			SetLoadedEditorAssemblies (6ms)
			RefreshPlugins (0ms)
			BeforeProcessingInitializeOnLoad (89ms)
			ProcessInitializeOnLoadAttributes (369ms)
			ProcessInitializeOnLoadMethodAttributes (33ms)
			AfterProcessingInitializeOnLoad (14ms)
			EditorAssembliesLoaded (0ms)
		ExecutionOrderSort2 (0ms)
		AwakeInstancesAfterBackupRestoration (11ms)
Refreshing native plugins compatible for Editor in 2.32 ms, found 2 plugins.
Preloading 0 native plugins for Editor in 0.00 ms.
Unloading 1509 Unused Serialized files (Serialized files now loaded: 0)
Unloading 27 unused Assets / (30.3 KB). Loaded Objects now: 2095.
Memory consumption went from 102.8 MB to 102.8 MB.
Total: 3.476800 ms (FindLiveObjects: 0.228500 ms CreateObjectMapping: 0.044600 ms MarkObjects: 3.126700 ms  DeleteObjects: 0.074900 ms)

Prepare: number of updated asset objects reloaded= 0
AssetImportParameters requested are different than current active one (requested -> active):
  custom:video-encoder-webm-vp8: eb34c28f22e8b96e1ab97ce403110664 -> 
  custom:video-decoder-webm-vp8: 9c59270c3fd7afecdb556c50c9e8de78 -> 
  custom:audio-decoder-ogg-vorbis: bf7c407c2cedff20999df2af8eb42d56 -> 
  custom:container-demuxer-ogg: 62fdf1f143b41e24485cea50d1cbac27 -> 
  custom:AudioImporter_EditorPlatform: d09bf68614088b80899f8185d706f6e7 -> 
  custom:container-demuxer-webm: 4f35f7cbe854078d1ac9338744f61a02 -> 
  custom:video-codec-MediaFoundation-h265: 746d11721c4dcdbdad8f713fa42b33f4 -> 
  custom:video-decoder-ogg-theora: a1e56fd34408186e4bbccfd4996cb3dc -> 
  custom:audio-encoder-webm-vorbis: bf7c407c2cedff20999df2af8eb42d56 -> 
  custom:framework-win-MediaFoundation: 216162199b28c13a410421893ffa2e32 -> 
  custom:container-muxer-webm: aa71ff27fc2769a1b78a27578f13a17b -> 
